Warning[205] ..\..\DOWNLOADS\FLASH_LED.ASM 30 : Found directive in column 1. (LIST)
Warning[205] ..\..\DOWNLOADS\FLASH_LED.ASM 31 : Found directive in column 1. (ORG)
Warning[203] ..\..\DOWNLOADS\FLASH_LED.ASM 32 : Found opcode in column 1. (GOTO)
Warning[205] ..\..\DOWNLOADS\FLASH_LED.ASM 38 : Found directive in column 1. (__CONFIG)
Warning[203] ..\..\DOWNLOADS\FLASH_LED.ASM 46 : Found opcode in column 1. (SUBLW)
Warning[203] ..\..\DOWNLOADS\FLASH_LED.ASM 47 : Found opcode in column 1. (BTFSS)
Warning[203] ..\..\DOWNLOADS\FLASH_LED.ASM 48 : Found opcode in column 1. (GOTO)
Warning[203] ..\..\DOWNLOADS\FLASH_LED.ASM 49 : Found opcode in column 1. (RETLW)
Warning[203] ..\..\DOWNLOADS\FLASH_LED.ASM 53 : Found opcode in column 1. (MOVWF)
Warning[203] ..\..\DOWNLOADS\FLASH_LED.ASM 55 : Found opcode in column 1. (DECFSZ)
Message[305] ..\..\DOWNLOADS\FLASH_LED.ASM 55 : Using default destination of 1 (file).
Warning[203] ..\..\DOWNLOADS\FLASH_LED.ASM 56 : Found opcode in column 1. (GOTO)
Warning[203] ..\..\DOWNLOADS\FLASH_LED.ASM 57 : Found opcode in column 1. (RETLW)
Warning[203] ..\..\DOWNLOADS\FLASH_LED.ASM 61 : Found opcode in column 1. (MOVWF)
Warning[203] ..\..\DOWNLOADS\FLASH_LED.ASM 63 : Found opcode in column 1. (DECFSZ)
Message[305] ..\..\DOWNLOADS\FLASH_LED.ASM 63 : Using default destination of 1 (file).
Warning[203] ..\..\DOWNLOADS\FLASH_LED.ASM 64 : Found opcode in column 1. (GOTO)
Warning[203] ..\..\DOWNLOADS\FLASH_LED.ASM 65 : Found opcode in column 1. (RETLW)
Warning[203] ..\..\DOWNLOADS\FLASH_LED.ASM 71 : Found opcode in column 1. (MOVLW)
Warning[203] ..\..\DOWNLOADS\FLASH_LED.ASM 72 : Found opcode in column 1. (MOVWF)
Warning[203] ..\..\DOWNLOADS\FLASH_LED.ASM 73 : Found opcode in column 1. (MOVLW)
Warning[203] ..\..\DOWNLOADS\FLASH_LED.ASM 74 : Found opcode in column 1. (MOVWF)
Warning[203] ..\..\DOWNLOADS\FLASH_LED.ASM 75 : Found opcode in column 1. (MOVLW)
Warning[203] ..\..\DOWNLOADS\FLASH_LED.ASM 76 : Found opcode in column 1. (MOVWF)
Warning[203] ..\..\DOWNLOADS\FLASH_LED.ASM 77 : Found opcode in column 1. (CLRF)
Warning[203] ..\..\DOWNLOADS\FLASH_LED.ASM 78 : Found opcode in column 1. (BCF)
Warning[203] ..\..\DOWNLOADS\FLASH_LED.ASM 79 : Found opcode in column 1. (CLRF)
Warning[203] ..\..\DOWNLOADS\FLASH_LED.ASM 80 : Found opcode in column 1. (CLRF)
Warning[203] ..\..\DOWNLOADS\FLASH_LED.ASM 81 : Found opcode in column 1. (MOVLW)
Warning[203] ..\..\DOWNLOADS\FLASH_LED.ASM 82 : Found opcode in column 1. (MOVWF)
Warning[205] ..\..\DOWNLOADS\FLASH_LED.ASM 92 : Found directive in column 1. (END)
