MPASM 5.87                    ENCABEZADO.ASM   10-1-2025  22:08:41         PAGE  1


LOC  OBJECT CODE     LINE SOURCE TEXT
  VALUE

                      00001 ; HEADER para el PIC16F628A, usando el oscilador RC interno a 4MHz.
                      00002 ;
                      00003 ; Este encabezado configura PORTA y PORTB como puertos de E/S digitales.
                      00004 ; Se incluyen subrutinas de retardo para 0.1, 0.5 y 1 segundo.
                      00005 ; Se desactiva el comparador para permitir el uso de todos los pines I/O.
                      00006 ;
                      00007 #include <p16f628a.inc>
                      00001         LIST
                      00002 
                      00003 ;==========================================================================
                      00004 ; Build date : Jan 06 2020
                      00005 ;  MPASM PIC16F628A processor include
                      00006 ; 
                      00007 ;  (c) Copyright 1999-2020 Microchip Technology, All rights reserved
                      00008 ;==========================================================================
                      00009 
                      00386         LIST
                      00008 
                      00009 ;*********************************************************
                      00010 ; EQUATES SECTION
                      00011 ; Define las etiquetas para los registros y bits que usaremos.
                      00012 
  00000005            00013 PORTA         EQU 5         ; PORTA es el archivo 5
  00000006            00014 PORTB         EQU 6         ; PORTB es el archivo 6
  00000085            00015 TRISA         EQU 85H       ; TRISA es el archivo 85H (Bank 1)
  00000086            00016 TRISB         EQU 86H       ; TRISB es el archivo 86H (Bank 1)
  00000003            00017 STATUS        EQU 3         ; STATUS es el archivo 3
  00000020            00018 COUNT1        EQU 20H       ; COUNT1 es un registro de usuario en 20H
  00000021            00019 COUNT2        EQU 21H       ; COUNT2 es un registro de usuario en 21H
  00000022            00020 COUNT3        EQU 22H       ; COUNT3 es un registro de usuario en 22H
                      00021 
                      00022 ;*********************************************************
                      00023 ; DIRECTIVAS DEL ENSAMBLADOR
                      00024 ; Le dice al ensamblador qué microcontrolador estamos usando y dónde empezar.
                      00025 
                      00026     LIST      P=16F628A   ; Usamos el microcontrolador 16F628A
                      00027     ORG       0           ; La dirección de inicio en la memoria es 0
0000   2???           00028     GOTO      START       ; Ir a la etiqueta START
                      00029 
                      00030 ;*********************************************************
                      00031 ; BITS DE CONFIGURACION
                      00032 ; Establece la configuración del microcontrolador.
                      00033 ; INTRC_OSC_NOCLKOUT = Oscilador RC interno sin salida de reloj en RA6
                      00034 ; WDT_OFF = Desactivar Watchdog Timer
                      00035 ; PWRTE_ON = Activar Power-up Timer
                      00036 ; LVP_OFF = Desactivar programación de bajo voltaje
                      00037 ; MCLRE_OFF = Pin MCLR está deshabilitado para usarlo como I/O digital.
                      00038 ; BOREN_OFF = Desactivar Brown-out Reset
                      00039 ; CP_OFF = Desactivar protección de código
                      00040 ; CPD_OFF = Desactivar protección de datos de EEPROM
                      00041 
2007   3FFF           00042     __CONFIG _INTRC_OSC_NOCLKOUT | _WDT_OFF | _PWRTE_ON | _LVP_OFF | _MCLRE_OFF | _BOREN_OFF | _CP_OFF |
                             _CPD_OFF
MPASM 5.87                    ENCABEZADO.ASM   10-1-2025  22:08:41         PAGE  2


LOC  OBJECT CODE     LINE SOURCE TEXT
  VALUE

                      00043 
                      00044 ;*********************************************************
                      00045 ; SUBRUTINAS DE RETARDO
                      00046 ; Rutinas de retardo calibradas para un oscilador de 4MHz.
                      00047 
                      00048 ; Retardo de 0.1 SEGUNDO
0001                  00049 DELAY_0_1
0001   307D           00050     MOVLW   D'125'
0002   00A1           00051     MOVWF   COUNT2
0003                  00052 D0_1_LOOP
0003   30BE           00053     MOVLW   D'190'
0004   00A0           00054     MOVWF   COUNT1
0005                  00055 D0_1_LOOP2
0005   0000           00056     NOP
0006   0BA0           00057     DECFSZ  COUNT1, F
0007   2???           00058     GOTO    D0_1_LOOP2
0008   0BA1           00059     DECFSZ  COUNT2, F
0009   2???           00060     GOTO    D0_1_LOOP
000A   3400           00061     RETLW   0
                      00062 
                      00063 ; Retardo de 0.5 SEGUNDO
000B                  00064 DELAY_0_5
000B   3005           00065     MOVLW   D'5'
000C   00A0           00066     MOVWF   COUNT1
000D                  00067 D0_5_LOOP
000D   2???           00068     CALL    DELAY_0_1
000E   0BA0           00069     DECFSZ  COUNT1, F
000F   2???           00070     GOTO    D0_5_LOOP
0010   3400           00071     RETLW   0
                      00072 
                      00073 ; Retardo de 1 SEGUNDO
0011                  00074 DELAY_1
0011   300A           00075     MOVLW   D'10'
0012   00A0           00076     MOVWF   COUNT1
0013                  00077 D1_LOOP
0013   2???           00078     CALL    DELAY_0_1
0014   0BA0           00079     DECFSZ  COUNT1, F
0015   2???           00080     GOTO    D1_LOOP
0016   3400           00081     RETLW   0
                      00082 
                      00083 ;*********************************************************
                      00084 ; SECCION DE CONFIGURACION
                      00085 ; Aquí se configura el hardware del microcontrolador al inicio del programa.
                      00086 
0017                  00087 START
0017   1683           00088     BSF     STATUS, 5       ; Cambiar a Bank 1 para configurar I/O
0018   30FF           00089     MOVLW   B'11111111'     ; Todos los pines de PORTA como entradas
Message[302]: Register in operand not in bank 0.  Ensure that bank bits are correct.
0019   0085           00090     MOVWF   TRISA
001A   3000           00091     MOVLW   B'00000000'     ; Todos los pines de PORTB como salidas
Message[302]: Register in operand not in bank 0.  Ensure that bank bits are correct.
001B   0086           00092     MOVWF   TRISB
001C   1283           00093     BCF     STATUS, 5       ; Regresar a Bank 0
MPASM 5.87                    ENCABEZADO.ASM   10-1-2025  22:08:41         PAGE  3


LOC  OBJECT CODE     LINE SOURCE TEXT
  VALUE

001D   3007           00094     MOVLW   .7
001E   009F           00095     MOVWF   CMCON           ; Apagar los comparadores para usar los pines como I/O digital
001F   0185           00096     CLRF    PORTA           ; Limpiar los valores de PORTA
0020   0186           00097     CLRF    PORTB           ; Limpiar los valores de PORTB
                      00098 
                      00099 ;*********************************************************
                      00100 ; PROGRAMA PRINCIPAL
                      00101 ; El programa principal comienza aquí.
                      00102 
0021                  00103 BEGIN
0021   1406           00104     BSF PORTB,0             ; Enciende el LED en B0
0022   2???           00105     CALL DELAY_1            ; Espera 1 segundo
0023   1006           00106     BCF PORTB,0             ; Apaga led
0024   2???           00107     CALL DELAY_0_5          ; Espera 0.5 segundos
0025   1486           00108     BSF PORTB,1             ; Prende B1
0026   2???           00109     CALL DELAY_1
0027   1086           00110     BCF PORTB,1
0028   2???           00111     CALL DELAY_0_5
0029   1506           00112     BSF PORTB,2
002A   2???           00113     CALL DELAY_1
002B   1106           00114     BCF PORTB,2
002C   2???           00115     CALL DELAY_0_5
002D   1586           00116     BSF PORTB,3
002E   2???           00117     CALL DELAY_1
002F   1186           00118     BCF PORTB,3
0030   2???           00119     CALL DELAY_0_5
0031   1606           00120     BSF PORTB,4
0032   2???           00121     CALL DELAY_1
0033   1206           00122     BCF PORTB,4
0034   2???           00123     CALL DELAY_0_5
0035   1686           00124     BSF PORTB,5
0036   2???           00125     CALL DELAY_1
0037   1286           00126     BCF PORTB,5
0038   2???           00127     CALL DELAY_0_5
0039   2???           00128     GOTO BEGIN
3FFF                  00129     END
MPASM 5.87                    ENCABEZADO.ASM   10-1-2025  22:08:41         PAGE  4


SYMBOL TABLE
  LABEL                             VALUE 

ADDEN                             00000003
ADEN                              00000003
BEGIN                             00000021
BRGH                              00000002
C                                 00000000
C1INV                             00000004
C1OUT                             00000006
C2INV                             00000005
C2OUT                             00000007
CCP1CON                           00000017
CCP1IE                            00000002
CCP1IF                            00000002
CCP1M0                            00000000
CCP1M1                            00000001
CCP1M2                            00000002
CCP1M3                            00000003
CCP1X                             00000005
CCP1Y                             00000004
CCPR1                             00000015
CCPR1H                            00000016
CCPR1L                            00000015
CIS                               00000003
CM0                               00000000
CM1                               00000001
CM2                               00000002
CMCON                             0000001F
CMIE                              00000006
CMIF                              00000006
COUNT1                            00000020
COUNT2                            00000021
COUNT3                            00000022
CREN                              00000004
CSRC                              00000007
D0_1_LOOP                         00000003
D0_1_LOOP2                        00000005
D0_5_LOOP                         0000000D
D1_LOOP                           00000013
DATA_CP_OFF                       00003FFF
DATA_CP_ON                        00003EFF
DC                                00000001
DELAY_0_1                         00000001
DELAY_0_5                         0000000B
DELAY_1                           00000011
EEADR                             0000009B
EECON1                            0000009C
EECON2                            0000009D
EEDATA                            0000009A
EEIE                              00000007
EEIF                              00000007
F                                 00000001
FERR                              00000002
FSR                               00000004
GIE                               00000007
MPASM 5.87                    ENCABEZADO.ASM   10-1-2025  22:08:41         PAGE  5


SYMBOL TABLE
  LABEL                             VALUE 

INDF                              00000000
INTCON                            0000000B
INTE                              00000004
INTEDG                            00000006
INTF                              00000001
IRP                               00000007
NOT_BO                            00000000
NOT_BOD                           00000000
NOT_BOR                           00000000
NOT_PD                            00000003
NOT_POR                           00000001
NOT_RBPU                          00000007
NOT_T1SYNC                        00000002
NOT_TO                            00000004
OERR                              00000001
OPTION_REG                        00000081
OSCF                              00000003
PCL                               00000002
PCLATH                            0000000A
PCON                              0000008E
PEIE                              00000006
PIE1                              0000008C
PIR1                              0000000C
PORTA                             00000005
PORTB                             00000006
PR2                               00000092
PS0                               00000000
PS1                               00000001
PS2                               00000002
PSA                               00000003
RA0                               00000000
RA1                               00000001
RA2                               00000002
RA3                               00000003
RA4                               00000004
RA5                               00000005
RA6                               00000006
RA7                               00000007
RB0                               00000000
RB1                               00000001
RB2                               00000002
RB3                               00000003
RB4                               00000004
RB5                               00000005
RB6                               00000006
RB7                               00000007
RBIE                              00000003
RBIF                              00000000
RCIE                              00000005
RCIF                              00000005
RCREG                             0000001A
RCSTA                             00000018
RD                                00000000
MPASM 5.87                    ENCABEZADO.ASM   10-1-2025  22:08:41         PAGE  6


SYMBOL TABLE
  LABEL                             VALUE 

RP0                               00000005
RP1                               00000006
RX9                               00000006
RX9D                              00000000
SPBRG                             00000099
SPEN                              00000007
SREN                              00000005
START                             00000017
STATUS                            00000003
SYNC                              00000004
T0CS                              00000005
T0IE                              00000005
T0IF                              00000002
T0SE                              00000004
T1CKPS0                           00000004
T1CKPS1                           00000005
T1CON                             00000010
T1OSCEN                           00000003
T2CKPS0                           00000000
T2CKPS1                           00000001
T2CON                             00000012
TMR0                              00000001
TMR0IE                            00000005
TMR0IF                            00000002
TMR1                              0000000E
TMR1CS                            00000001
TMR1H                             0000000F
TMR1IE                            00000000
TMR1IF                            00000000
TMR1L                             0000000E
TMR1ON                            00000000
TMR2                              00000011
TMR2IE                            00000001
TMR2IF                            00000001
TMR2ON                            00000002
TOUTPS0                           00000003
TOUTPS1                           00000004
TOUTPS2                           00000005
TOUTPS3                           00000006
TRISA                             00000085
TRISA0                            00000000
TRISA1                            00000001
TRISA2                            00000002
TRISA3                            00000003
TRISA4                            00000004
TRISA5                            00000005
TRISA6                            00000006
TRISA7                            00000007
TRISB                             00000086
TRISB0                            00000000
TRISB1                            00000001
TRISB2                            00000002
TRISB3                            00000003
MPASM 5.87                    ENCABEZADO.ASM   10-1-2025  22:08:41         PAGE  7


SYMBOL TABLE
  LABEL                             VALUE 

TRISB4                            00000004
TRISB5                            00000005
TRISB6                            00000006
TRISB7                            00000007
TRMT                              00000001
TX9                               00000006
TX9D                              00000000
TXEN                              00000005
TXIE                              00000004
TXIF                              00000004
TXREG                             00000019
TXSTA                             00000098
VR0                               00000000
VR1                               00000001
VR2                               00000002
VR3                               00000003
VRCON                             0000009F
VREN                              00000007
VROE                              00000006
VRR                               00000005
W                                 00000000
WR                                00000001
WREN                              00000002
WRERR                             00000003
Z                                 00000002
_BODEN_OFF                        00003FBF
_BODEN_ON                         00003FFF
_BOREN_OFF                        00003FBF
_BOREN_ON                         00003FFF
_CONFIG                           00002007
_CPD_OFF                          00003FFF
_CPD_ON                           00003EFF
_CP_OFF                           00003FFF
_CP_ON                            00001FFF
_DEVID1                           00002006
_ER_OSC_CLKOUT                    00003FFF
_ER_OSC_NOCLKOUT                  00003FFE
_EXTCLK_OSC                       00003FEF
_FOSC_ECIO                        00003FEF
_FOSC_EXTRCCLK                    00003FFF
_FOSC_EXTRCIO                     00003FFE
_FOSC_HS                          00003FEE
_FOSC_INTOSCCLK                   00003FFD
_FOSC_INTOSCIO                    00003FFC
_FOSC_LP                          00003FEC
_FOSC_XT                          00003FED
_HS_OSC                           00003FEE
_IDLOC0                           00002000
_IDLOC1                           00002001
_IDLOC2                           00002002
_IDLOC3                           00002003
_INTOSC_OSC_CLKOUT                00003FFD
_INTOSC_OSC_NOCLKOUT              00003FFC
MPASM 5.87                    ENCABEZADO.ASM   10-1-2025  22:08:41         PAGE  8


SYMBOL TABLE
  LABEL                             VALUE 

_INTRC_OSC_CLKOUT                 00003FFD
_INTRC_OSC_NOCLKOUT               00003FFC
_LP_OSC                           00003FEC
_LVP_OFF                          00003F7F
_LVP_ON                           00003FFF
_MCLRE_OFF                        00003FDF
_MCLRE_ON                         00003FFF
_PWRTE_OFF                        00003FFF
_PWRTE_ON                         00003FF7
_RC_OSC_CLKOUT                    00003FFF
_RC_OSC_NOCLKOUT                  00003FFE
_WDTE_OFF                         00003FFB
_WDTE_ON                          00003FFF
_WDT_OFF                          00003FFB
_WDT_ON                           00003FFF
_XT_OSC                           00003FED
__16F628A                         00000001

Errors   :     0
Warnings :     0 reported,     0 suppressed
Messages :     2 reported,     0 suppressed

