MPASM 5.87                         DISCO.ASM   9-17-2025  10:41:29         PAGE  1


LOC  OBJECT CODE     LINE SOURCE TEXT
  VALUE

                      00001 ; =========================================================================
                      00002 ; Nombre del Archivo: disco.asm
                      00003 ; Microcontrolador: PIC16F628A
                      00004 ; Ambiente: MPLAB X IDE v5.35
                      00005 ; Compilador: MPASM
                      00006 ; Frecuencia del Oscilador: 4MHz (Oscilador interno)
                      00007 ; Descripción: Secuencia de luces tipo "disco" en el Puerto B
                      00008 ; =========================================================================
                      00009 
                      00010     LIST    P=16F628A           ; Define el microcontrolador
                      00011     #include <p16f628a.inc>
                      00001         LIST
                      00002 
                      00003 ;==========================================================================
                      00004 ; Build date : Jan 06 2020
                      00005 ;  MPASM PIC16F628A processor include
                      00006 ; 
                      00007 ;  (c) Copyright 1999-2020 Microchip Technology, All rights reserved
                      00008 ;==========================================================================
                      00009 
                      00386         LIST
                      00012     
                      00013     ; --- Configuración del microcontrolador (Fuses) ---
2007   3F50           00014     __CONFIG _CP_OFF & _WDT_OFF & _BODEN_ON & _PWRTE_ON & _INTRC_OSC_NOCLKOUT & _LVP_OFF & _MCLRE_OFF
                      00015 
                      00016 ; --- Definición de variables en RAM ---
                      00017     CBLOCK 0x20
  00000020            00018         dly1_cnt    ; Contador para el primer bucle de retardo
  00000021            00019         dly2_cnt    ; Contador para el segundo bucle de retardo
                      00020     ENDC
                      00021 
                      00022 ; --- Vector de Reset ---
                      00023     ORG     0x0000              ; Posición de inicio del programa (Reset Vector)
0000   2???           00024     GOTO    MAIN                ; Salta al programa principal
                      00025 
                      00026 ; --- Subrutina de Retardo ---
                      00027 ; Crea un retardo de tiempo. La duración del retardo es ajustable
                      00028 ; cambiando los valores cargados en dly1_cnt y dly2_cnt.
0001                  00029 DELAY
0001   3005           00030     MOVLW   0x05                ; Cargar valor para el contador exterior
0002   00A0           00031     MOVWF   dly1_cnt
0003                  00032 dly_loop1
0003   30FA           00033     MOVLW   0xFA                ; Cargar valor para el contador interior
0004   00A1           00034     MOVWF   dly2_cnt
0005                  00035 dly_loop2
0005   0BA1           00036     DECFSZ  dly2_cnt, F         ; Decrementa dly2_cnt. Si es 0, salta la siguiente línea
0006   2???           00037     GOTO    dly_loop2           ; Si no es 0, vuelve a dly_loop2
0007   0BA0           00038     DECFSZ  dly1_cnt, F         ; Decrementa dly1_cnt. Si es 0, salta la siguiente línea
0008   2???           00039     GOTO    dly_loop1           ; Si no es 0, vuelve a dly_loop1
0009   0008           00040     RETURN                      ; Regresa del la subrutina
                      00041 
                      00042 ; --- Programa Principal ---
000A                  00043 MAIN
MPASM 5.87                         DISCO.ASM   9-17-2025  10:41:29         PAGE  2


LOC  OBJECT CODE     LINE SOURCE TEXT
  VALUE

000A   1683           00044     BSF     STATUS, RP0         ; Cambia al Banco 1
Message[302]: Register in operand not in bank 0.  Ensure that bank bits are correct.
000B   0186           00045     CLRF    TRISB               ; Configura el Puerto B como salida (todos los pines)
000C   1283           00046     BCF     STATUS, RP0         ; Vuelve al Banco 0
                      00047 
000D   0186           00048     CLRF    PORTB               ; Limpia el Puerto B, asegurando que todos los LEDs estén apagados al in
                            icio
                      00049 
                      00050 ; --- Bucle principal de la secuencia de luces ---
000E                  00051 LOOP
                      00052     ; Secuencia 1: LEDs alternos encendidos y apagados
000E   3055           00053     MOVLW   B'01010101'         ; Patrón 1 (RB0, RB2, RB4, RB6 encendidos)
000F   0086           00054     MOVWF   PORTB
0010   2???           00055     CALL    DELAY               ; Espera
0011   30AA           00056     MOVLW   B'10101010'         ; Patrón 2 (RB1, RB3, RB5, RB7 encendidos)
0012   0086           00057     MOVWF   PORTB
0013   2???           00058     CALL    DELAY               ; Espera
                      00059 
                      00060     ; Secuencia 2: Encendido de LEDs del centro hacia afuera
0014   3018           00061     MOVLW   B'00011000'         ; Patrón 3 (RB3, RB4 encendidos)
0015   0086           00062     MOVWF   PORTB
0016   2???           00063     CALL    DELAY               ; Espera
0017   3024           00064     MOVLW   B'00100100'         ; Patrón 4 (RB2, RB5 encendidos)
0018   0086           00065     MOVWF   PORTB
0019   2???           00066     CALL    DELAY               ; Espera
001A   3042           00067     MOVLW   B'01000010'         ; Patrón 5 (RB1, RB6 encendidos)
001B   0086           00068     MOVWF   PORTB
001C   2???           00069     CALL    DELAY               ; Espera
001D   3081           00070     MOVLW   B'10000001'         ; Patrón 6 (RB0, RB7 encendidos)
001E   0086           00071     MOVWF   PORTB
001F   2???           00072     CALL    DELAY               ; Espera
                      00073     
                      00074     ; Secuencia 3: Todos los LEDs encendidos y apagados (efecto de parpadeo)
0020   30FF           00075     MOVLW   B'11111111'
0021   0086           00076     MOVWF   PORTB
0022   2???           00077     CALL    DELAY
0023   0186           00078     CLRF    PORTB               ; Apaga todos los LEDs
0024   2???           00079     CALL    DELAY
                      00080     
0025   2???           00081     GOTO    LOOP                ; Regresa al inicio del bucle para repetir la secuencia
                      00082 
3F50                  00083     END                         ; Fin del archivo
MPASM 5.87                         DISCO.ASM   9-17-2025  10:41:29         PAGE  3


SYMBOL TABLE
  LABEL                             VALUE 

ADDEN                             00000003
ADEN                              00000003
BRGH                              00000002
C                                 00000000
C1INV                             00000004
C1OUT                             00000006
C2INV                             00000005
C2OUT                             00000007
CCP1CON                           00000017
CCP1IE                            00000002
CCP1IF                            00000002
CCP1M0                            00000000
CCP1M1                            00000001
CCP1M2                            00000002
CCP1M3                            00000003
CCP1X                             00000005
CCP1Y                             00000004
CCPR1                             00000015
CCPR1H                            00000016
CCPR1L                            00000015
CIS                               00000003
CM0                               00000000
CM1                               00000001
CM2                               00000002
CMCON                             0000001F
CMIE                              00000006
CMIF                              00000006
CREN                              00000004
CSRC                              00000007
DATA_CP_OFF                       00003FFF
DATA_CP_ON                        00003EFF
DC                                00000001
DELAY                             00000001
EEADR                             0000009B
EECON1                            0000009C
EECON2                            0000009D
EEDATA                            0000009A
EEIE                              00000007
EEIF                              00000007
F                                 00000001
FERR                              00000002
FSR                               00000004
GIE                               00000007
INDF                              00000000
INTCON                            0000000B
INTE                              00000004
INTEDG                            00000006
INTF                              00000001
IRP                               00000007
LOOP                              0000000E
MAIN                              0000000A
NOT_BO                            00000000
NOT_BOD                           00000000
MPASM 5.87                         DISCO.ASM   9-17-2025  10:41:29         PAGE  4


SYMBOL TABLE
  LABEL                             VALUE 

NOT_BOR                           00000000
NOT_PD                            00000003
NOT_POR                           00000001
NOT_RBPU                          00000007
NOT_T1SYNC                        00000002
NOT_TO                            00000004
OERR                              00000001
OPTION_REG                        00000081
OSCF                              00000003
PCL                               00000002
PCLATH                            0000000A
PCON                              0000008E
PEIE                              00000006
PIE1                              0000008C
PIR1                              0000000C
PORTA                             00000005
PORTB                             00000006
PR2                               00000092
PS0                               00000000
PS1                               00000001
PS2                               00000002
PSA                               00000003
RA0                               00000000
RA1                               00000001
RA2                               00000002
RA3                               00000003
RA4                               00000004
RA5                               00000005
RA6                               00000006
RA7                               00000007
RB0                               00000000
RB1                               00000001
RB2                               00000002
RB3                               00000003
RB4                               00000004
RB5                               00000005
RB6                               00000006
RB7                               00000007
RBIE                              00000003
RBIF                              00000000
RCIE                              00000005
RCIF                              00000005
RCREG                             0000001A
RCSTA                             00000018
RD                                00000000
RP0                               00000005
RP1                               00000006
RX9                               00000006
RX9D                              00000000
SPBRG                             00000099
SPEN                              00000007
SREN                              00000005
STATUS                            00000003
MPASM 5.87                         DISCO.ASM   9-17-2025  10:41:29         PAGE  5


SYMBOL TABLE
  LABEL                             VALUE 

SYNC                              00000004
T0CS                              00000005
T0IE                              00000005
T0IF                              00000002
T0SE                              00000004
T1CKPS0                           00000004
T1CKPS1                           00000005
T1CON                             00000010
T1OSCEN                           00000003
T2CKPS0                           00000000
T2CKPS1                           00000001
T2CON                             00000012
TMR0                              00000001
TMR0IE                            00000005
TMR0IF                            00000002
TMR1                              0000000E
TMR1CS                            00000001
TMR1H                             0000000F
TMR1IE                            00000000
TMR1IF                            00000000
TMR1L                             0000000E
TMR1ON                            00000000
TMR2                              00000011
TMR2IE                            00000001
TMR2IF                            00000001
TMR2ON                            00000002
TOUTPS0                           00000003
TOUTPS1                           00000004
TOUTPS2                           00000005
TOUTPS3                           00000006
TRISA                             00000085
TRISA0                            00000000
TRISA1                            00000001
TRISA2                            00000002
TRISA3                            00000003
TRISA4                            00000004
TRISA5                            00000005
TRISA6                            00000006
TRISA7                            00000007
TRISB                             00000086
TRISB0                            00000000
TRISB1                            00000001
TRISB2                            00000002
TRISB3                            00000003
TRISB4                            00000004
TRISB5                            00000005
TRISB6                            00000006
TRISB7                            00000007
TRMT                              00000001
TX9                               00000006
TX9D                              00000000
TXEN                              00000005
TXIE                              00000004
MPASM 5.87                         DISCO.ASM   9-17-2025  10:41:29         PAGE  6


SYMBOL TABLE
  LABEL                             VALUE 

TXIF                              00000004
TXREG                             00000019
TXSTA                             00000098
VR0                               00000000
VR1                               00000001
VR2                               00000002
VR3                               00000003
VRCON                             0000009F
VREN                              00000007
VROE                              00000006
VRR                               00000005
W                                 00000000
WR                                00000001
WREN                              00000002
WRERR                             00000003
Z                                 00000002
_BODEN_OFF                        00003FBF
_BODEN_ON                         00003FFF
_BOREN_OFF                        00003FBF
_BOREN_ON                         00003FFF
_CONFIG                           00002007
_CPD_OFF                          00003FFF
_CPD_ON                           00003EFF
_CP_OFF                           00003FFF
_CP_ON                            00001FFF
_DEVID1                           00002006
_ER_OSC_CLKOUT                    00003FFF
_ER_OSC_NOCLKOUT                  00003FFE
_EXTCLK_OSC                       00003FEF
_FOSC_ECIO                        00003FEF
_FOSC_EXTRCCLK                    00003FFF
_FOSC_EXTRCIO                     00003FFE
_FOSC_HS                          00003FEE
_FOSC_INTOSCCLK                   00003FFD
_FOSC_INTOSCIO                    00003FFC
_FOSC_LP                          00003FEC
_FOSC_XT                          00003FED
_HS_OSC                           00003FEE
_IDLOC0                           00002000
_IDLOC1                           00002001
_IDLOC2                           00002002
_IDLOC3                           00002003
_INTOSC_OSC_CLKOUT                00003FFD
_INTOSC_OSC_NOCLKOUT              00003FFC
_INTRC_OSC_CLKOUT                 00003FFD
_INTRC_OSC_NOCLKOUT               00003FFC
_LP_OSC                           00003FEC
_LVP_OFF                          00003F7F
_LVP_ON                           00003FFF
_MCLRE_OFF                        00003FDF
_MCLRE_ON                         00003FFF
_PWRTE_OFF                        00003FFF
_PWRTE_ON                         00003FF7
MPASM 5.87                         DISCO.ASM   9-17-2025  10:41:29         PAGE  7


SYMBOL TABLE
  LABEL                             VALUE 

_RC_OSC_CLKOUT                    00003FFF
_RC_OSC_NOCLKOUT                  00003FFE
_WDTE_OFF                         00003FFB
_WDTE_ON                          00003FFF
_WDT_OFF                          00003FFB
_WDT_ON                           00003FFF
_XT_OSC                           00003FED
__16F628A                         00000001
dly1_cnt                          00000020
dly2_cnt                          00000021
dly_loop1                         00000003
dly_loop2                         00000005

Errors   :     0
Warnings :     0 reported,     0 suppressed
Messages :     1 reported,     0 suppressed

