MPASM 5.87                NEWASMTEMPLATE.ASM   12-3-2025  0:28:41         PAGE  1


LOC  OBJECT CODE     LINE SOURCE TEXT
  VALUE

                      00001 ; ============================================================
                      00002 ; Programa: Control de 4 LEDs con 2 botones
                      00003 ; Micro: PIC16F628A
                      00004 ; Oscilador: Interno 4MHz
                      00005 ; Retardos: 29% más rápidos (0.71 segundos en lugar de 1 segundo)
                      00006 ; ============================================================
                      00007 
                      00008     LIST    P=16F628A
                      00009     #INCLUDE <P16F628A.INC>
                      00001         LIST
                      00002 
                      00003 ;==========================================================================
                      00004 ; Build date : Jan 06 2020
                      00005 ;  MPASM PIC16F628A processor include
                      00006 ; 
                      00007 ;  (c) Copyright 1999-2020 Microchip Technology, All rights reserved
                      00008 ;==========================================================================
                      00009 
                      00386         LIST
                      00010     
                      00011     ; Configuración del PIC
2007   3F90           00012     __CONFIG _FOSC_INTOSCIO & _WDT_OFF & _PWRTE_ON & _MCLRE_OFF & _BODEN_OFF
                      00013 
                      00014     ; Constantes para pines
  00000000            00015 BOTON1 EQU 0    ; Botón 1 en RA0
  00000001            00016 BOTON2 EQU 1    ; Botón 2 en RA1
  00000002            00017 SAL_5V EQU 2    ; Salida 5V en RA2
                      00018 
                      00019     ; Variables
                      00020     CBLOCK 0x20
  00000020            00021         CONT1, CONT2, CONT3  ; Para delays
                      00022     ENDC
                      00023 
                      00024     ORG 0x00        ; Dirección de inicio
0000   2???           00025     GOTO INICIO     ; Saltar al programa principal
                      00026 
                      00027 ; ============================================================
                      00028 ; SUBRUTINAS DE RETARDO (29% MÁS RÁPIDAS)
                      00029 ; ============================================================
                      00030 
                      00031 ; Retardo de 0.71 SEGUNDOS (29% menos que 1 segundo)
0001                  00032 RETARDO_0_71S
0001   3003           00033     MOVLW   D'3'        ; Contador externo (antes 4, ahora 3 - reducción 25%)
0002   00A0           00034     MOVWF   CONT1
0003                  00035 EXT_LOOP
0003   30E1           00036     MOVLW   D'225'      ; Contador medio (antes 250, ahora 225 - reducción 10%)
0004   00A1           00037     MOVWF   CONT2
0005                  00038 MED_LOOP
0005   30E1           00039     MOVLW   D'225'      ; Contador interno (antes 250, ahora 225 - reducción 10%)
0006   00A2           00040     MOVWF   CONT3
0007                  00041 INT_LOOP
0007   0000           00042     NOP
0008   0000           00043     NOP
MPASM 5.87                NEWASMTEMPLATE.ASM   12-3-2025  0:28:41         PAGE  2


LOC  OBJECT CODE     LINE SOURCE TEXT
  VALUE

0009   0000           00044     NOP
000A   0000           00045     NOP
000B   0BA2           00046     DECFSZ  CONT3, F
000C   2???           00047     GOTO    INT_LOOP
000D   0BA1           00048     DECFSZ  CONT2, F
000E   2???           00049     GOTO    MED_LOOP
000F   0BA0           00050     DECFSZ  CONT1, F
0010   2???           00051     GOTO    EXT_LOOP
0011   0008           00052     RETURN
                      00053 
                      00054 ; Retardo de 1.42ms para antirrebote (29% menos que 2ms)
0012                  00055 RETARDO_1_42MS
0012   300E           00056     MOVLW   D'14'       ; (antes 20, ahora 14 - reducción 30%)
0013   00A0           00057     MOVWF   CONT1
0014                  00058 DEL_1_42MS
0014   0000           00059     NOP
0015   0000           00060     NOP
0016   0000           00061     NOP
0017   0000           00062     NOP
0018   0000           00063     NOP
0019   0BA0           00064     DECFSZ  CONT1, F
001A   2???           00065     GOTO    DEL_1_42MS
001B   0008           00066     RETURN
                      00067 
                      00068 ; ============================================================
                      00069 ; PROGRAMA PRINCIPAL
                      00070 ; ============================================================
001C                  00071 INICIO
                      00072     ; Configurar comparadores como digitales
001C   3007           00073     MOVLW   0x07
001D   009F           00074     MOVWF   CMCON
                      00075     
                      00076     ; Configurar puertos
001E   1683           00077     BSF     STATUS, RP0  ; Banco 1
001F   3003           00078     MOVLW   b'00000011'  ; RA0 y RA1 como entradas, RA2 como salida
Message[302]: Register in operand not in bank 0.  Ensure that bank bits are correct.
0020   0085           00079     MOVWF   TRISA
0021   3000           00080     MOVLW   b'00000000'  ; Todo PORTB como salidas
Message[302]: Register in operand not in bank 0.  Ensure that bank bits are correct.
0022   0086           00081     MOVWF   TRISB
0023   1283           00082     BCF     STATUS, RP0  ; Banco 0
                      00083     
                      00084     ; Inicializar puertos
0024   0185           00085     CLRF    PORTA
0025   0186           00086     CLRF    PORTB
                      00087     
                      00088     ; Configurar RA2 como salida constante de 5V
0026   1505           00089     BSF     PORTA, SAL_5V
                      00090 
                      00091 ; ============================================================
                      00092 ; BUCLE PRINCIPAL INFINITO
                      00093 ; ============================================================
0027                  00094 BUCLE_MAIN
MPASM 5.87                NEWASMTEMPLATE.ASM   12-3-2025  0:28:41         PAGE  3


LOC  OBJECT CODE     LINE SOURCE TEXT
  VALUE

                      00095     ; Verificar si está presionado B1 (detección de flanco)
0027   1C05           00096     BTFSS   PORTA, BOTON1   ; ¿Está presionado B1?
0028   2???           00097     GOTO    CHECAR_B2       ; No, verificar B2
                      00098     
                      00099     ; Botón 1 presionado - ESPERAR ANTIRREBOTE
0029   2???           00100     CALL    RETARDO_1_42MS
002A   1C05           00101     BTFSS   PORTA, BOTON1   ; Verificar nuevamente después del antirrebote
002B   2???           00102     GOTO    CHECAR_B2       ; Falso positivo, verificar B2
                      00103     
                      00104     ; ===== EJECUTAR SECUENCIA COMPLETA BOTÓN 1 =====
                      00105     ; Enciende L1, L2, L3 y L4 simultáneamente
002C   300F           00106     MOVLW   b'00001111'
002D   0086           00107     MOVWF   PORTB
                      00108     
                      00109     ; Espera 0.71 segundos (29% menos que 1 segundo)
002E   2???           00110     CALL    RETARDO_0_71S
                      00111     
                      00112     ; Apaga L1, L2, L3 y L4
002F   0186           00113     CLRF    PORTB
                      00114     
                      00115     ; Esperar a que se SUELTE el botón antes de continuar
0030                  00116 ESPERA_SUELTO_B1
0030   1805           00117     BTFSC   PORTA, BOTON1
0031   2???           00118     GOTO    ESPERA_SUELTO_B1
                      00119     
0032   2???           00120     CALL    RETARDO_1_42MS     ; Antirrebote al soltar
                      00121     
0033   2???           00122     GOTO    BUCLE_MAIN      ; Volver al bucle principal
                      00123 
0034                  00124 CHECAR_B2
                      00125     ; Verificar si está presionado B2 (detección de flanco)
0034   1C85           00126     BTFSS   PORTA, BOTON2   ; ¿Está presionado B2?
0035   2???           00127     GOTO    BUCLE_MAIN      ; No, volver a verificar
                      00128     
                      00129     ; Botón 2 presionado - ESPERAR ANTIRREBOTE
0036   2???           00130     CALL    RETARDO_1_42MS
0037   1C85           00131     BTFSS   PORTA, BOTON2   ; Verificar nuevamente después del antirrebote
0038   2???           00132     GOTO    BUCLE_MAIN      ; Falso positivo, volver
                      00133     
                      00134     ; ===== EJECUTAR SECUENCIA COMPLETA BOTÓN 2 =====
                      00135     ; Enciende LED 1
0039   3001           00136     MOVLW   b'00000001'
003A   0086           00137     MOVWF   PORTB
003B   2???           00138     CALL    RETARDO_0_71S      ; 0.71 segundos
                      00139     
                      00140     ; Enciende LED 2
003C   3003           00141     MOVLW   b'00000011'
003D   0086           00142     MOVWF   PORTB
003E   2???           00143     CALL    RETARDO_0_71S      ; 0.71 segundos
                      00144     
                      00145     ; Enciende LED 3
003F   3007           00146     MOVLW   b'00000111'
0040   0086           00147     MOVWF   PORTB
MPASM 5.87                NEWASMTEMPLATE.ASM   12-3-2025  0:28:41         PAGE  4


LOC  OBJECT CODE     LINE SOURCE TEXT
  VALUE

0041   2???           00148     CALL    RETARDO_0_71S      ; 0.71 segundos
                      00149     
                      00150     ; Enciende LED 4 (todos encendidos)
0042   300F           00151     MOVLW   b'00001111'
0043   0086           00152     MOVWF   PORTB
0044   2???           00153     CALL    RETARDO_0_71S      ; 0.71 segundos
                      00154     
                      00155     ; Apaga LED1, LED2, LED3 y LED4
0045   0186           00156     CLRF    PORTB
                      00157     
                      00158     ; Esperar a que se SUELTE el botón antes de continuar
0046                  00159 ESPERA_SUELTO_B2
0046   1885           00160     BTFSC   PORTA, BOTON2
0047   2???           00161     GOTO    ESPERA_SUELTO_B2
                      00162     
0048   2???           00163     CALL    RETARDO_1_42MS     ; Antirrebote al soltar
                      00164     
0049   2???           00165     GOTO    BUCLE_MAIN      ; Volver al bucle principal
                      00166 
                      00167 ; ============================================================
                      00168 ; FIN DEL PROGRAMA
                      00169 ; ============================================================
3F90                  00170     END
MPASM 5.87                NEWASMTEMPLATE.ASM   12-3-2025  0:28:41         PAGE  5


SYMBOL TABLE
  LABEL                             VALUE 

ADDEN                             00000003
ADEN                              00000003
BOTON1                            00000000
BOTON2                            00000001
BRGH                              00000002
BUCLE_MAIN                        00000027
C                                 00000000
C1INV                             00000004
C1OUT                             00000006
C2INV                             00000005
C2OUT                             00000007
CCP1CON                           00000017
CCP1IE                            00000002
CCP1IF                            00000002
CCP1M0                            00000000
CCP1M1                            00000001
CCP1M2                            00000002
CCP1M3                            00000003
CCP1X                             00000005
CCP1Y                             00000004
CCPR1                             00000015
CCPR1H                            00000016
CCPR1L                            00000015
CHECAR_B2                         00000034
CIS                               00000003
CM0                               00000000
CM1                               00000001
CM2                               00000002
CMCON                             0000001F
CMIE                              00000006
CMIF                              00000006
CONT1                             00000020
CONT2                             00000021
CONT3                             00000022
CREN                              00000004
CSRC                              00000007
DATA_CP_OFF                       00003FFF
DATA_CP_ON                        00003EFF
DC                                00000001
DEL_1_42MS                        00000014
EEADR                             0000009B
EECON1                            0000009C
EECON2                            0000009D
EEDATA                            0000009A
EEIE                              00000007
EEIF                              00000007
ESPERA_SUELTO_B1                  00000030
ESPERA_SUELTO_B2                  00000046
EXT_LOOP                          00000003
F                                 00000001
FERR                              00000002
FSR                               00000004
GIE                               00000007
MPASM 5.87                NEWASMTEMPLATE.ASM   12-3-2025  0:28:41         PAGE  6


SYMBOL TABLE
  LABEL                             VALUE 

INDF                              00000000
INICIO                            0000001C
INTCON                            0000000B
INTE                              00000004
INTEDG                            00000006
INTF                              00000001
INT_LOOP                          00000007
IRP                               00000007
MED_LOOP                          00000005
NOT_BO                            00000000
NOT_BOD                           00000000
NOT_BOR                           00000000
NOT_PD                            00000003
NOT_POR                           00000001
NOT_RBPU                          00000007
NOT_T1SYNC                        00000002
NOT_TO                            00000004
OERR                              00000001
OPTION_REG                        00000081
OSCF                              00000003
PCL                               00000002
PCLATH                            0000000A
PCON                              0000008E
PEIE                              00000006
PIE1                              0000008C
PIR1                              0000000C
PORTA                             00000005
PORTB                             00000006
PR2                               00000092
PS0                               00000000
PS1                               00000001
PS2                               00000002
PSA                               00000003
RA0                               00000000
RA1                               00000001
RA2                               00000002
RA3                               00000003
RA4                               00000004
RA5                               00000005
RA6                               00000006
RA7                               00000007
RB0                               00000000
RB1                               00000001
RB2                               00000002
RB3                               00000003
RB4                               00000004
RB5                               00000005
RB6                               00000006
RB7                               00000007
RBIE                              00000003
RBIF                              00000000
RCIE                              00000005
RCIF                              00000005
MPASM 5.87                NEWASMTEMPLATE.ASM   12-3-2025  0:28:41         PAGE  7


SYMBOL TABLE
  LABEL                             VALUE 

RCREG                             0000001A
RCSTA                             00000018
RD                                00000000
RETARDO_0_71S                     00000001
RETARDO_1_42MS                    00000012
RP0                               00000005
RP1                               00000006
RX9                               00000006
RX9D                              00000000
SAL_5V                            00000002
SPBRG                             00000099
SPEN                              00000007
SREN                              00000005
STATUS                            00000003
SYNC                              00000004
T0CS                              00000005
T0IE                              00000005
T0IF                              00000002
T0SE                              00000004
T1CKPS0                           00000004
T1CKPS1                           00000005
T1CON                             00000010
T1OSCEN                           00000003
T2CKPS0                           00000000
T2CKPS1                           00000001
T2CON                             00000012
TMR0                              00000001
TMR0IE                            00000005
TMR0IF                            00000002
TMR1                              0000000E
TMR1CS                            00000001
TMR1H                             0000000F
TMR1IE                            00000000
TMR1IF                            00000000
TMR1L                             0000000E
TMR1ON                            00000000
TMR2                              00000011
TMR2IE                            00000001
TMR2IF                            00000001
TMR2ON                            00000002
TOUTPS0                           00000003
TOUTPS1                           00000004
TOUTPS2                           00000005
TOUTPS3                           00000006
TRISA                             00000085
TRISA0                            00000000
TRISA1                            00000001
TRISA2                            00000002
TRISA3                            00000003
TRISA4                            00000004
TRISA5                            00000005
TRISA6                            00000006
TRISA7                            00000007
MPASM 5.87                NEWASMTEMPLATE.ASM   12-3-2025  0:28:41         PAGE  8


SYMBOL TABLE
  LABEL                             VALUE 

TRISB                             00000086
TRISB0                            00000000
TRISB1                            00000001
TRISB2                            00000002
TRISB3                            00000003
TRISB4                            00000004
TRISB5                            00000005
TRISB6                            00000006
TRISB7                            00000007
TRMT                              00000001
TX9                               00000006
TX9D                              00000000
TXEN                              00000005
TXIE                              00000004
TXIF                              00000004
TXREG                             00000019
TXSTA                             00000098
VR0                               00000000
VR1                               00000001
VR2                               00000002
VR3                               00000003
VRCON                             0000009F
VREN                              00000007
VROE                              00000006
VRR                               00000005
W                                 00000000
WR                                00000001
WREN                              00000002
WRERR                             00000003
Z                                 00000002
_BODEN_OFF                        00003FBF
_BODEN_ON                         00003FFF
_BOREN_OFF                        00003FBF
_BOREN_ON                         00003FFF
_CONFIG                           00002007
_CPD_OFF                          00003FFF
_CPD_ON                           00003EFF
_CP_OFF                           00003FFF
_CP_ON                            00001FFF
_DEVID1                           00002006
_ER_OSC_CLKOUT                    00003FFF
_ER_OSC_NOCLKOUT                  00003FFE
_EXTCLK_OSC                       00003FEF
_FOSC_ECIO                        00003FEF
_FOSC_EXTRCCLK                    00003FFF
_FOSC_EXTRCIO                     00003FFE
_FOSC_HS                          00003FEE
_FOSC_INTOSCCLK                   00003FFD
_FOSC_INTOSCIO                    00003FFC
_FOSC_LP                          00003FEC
_FOSC_XT                          00003FED
_HS_OSC                           00003FEE
_IDLOC0                           00002000
MPASM 5.87                NEWASMTEMPLATE.ASM   12-3-2025  0:28:41         PAGE  9


SYMBOL TABLE
  LABEL                             VALUE 

_IDLOC1                           00002001
_IDLOC2                           00002002
_IDLOC3                           00002003
_INTOSC_OSC_CLKOUT                00003FFD
_INTOSC_OSC_NOCLKOUT              00003FFC
_INTRC_OSC_CLKOUT                 00003FFD
_INTRC_OSC_NOCLKOUT               00003FFC
_LP_OSC                           00003FEC
_LVP_OFF                          00003F7F
_LVP_ON                           00003FFF
_MCLRE_OFF                        00003FDF
_MCLRE_ON                         00003FFF
_PWRTE_OFF                        00003FFF
_PWRTE_ON                         00003FF7
_RC_OSC_CLKOUT                    00003FFF
_RC_OSC_NOCLKOUT                  00003FFE
_WDTE_OFF                         00003FFB
_WDTE_ON                          00003FFF
_WDT_OFF                          00003FFB
_WDT_ON                           00003FFF
_XT_OSC                           00003FED
__16F628A                         00000001

Errors   :     0
Warnings :     0 reported,     0 suppressed
Messages :     2 reported,     0 suppressed

