MPASM 5.87                    BOMBA_AGUA.ASM   11-4-2025  22:47:38         PAGE  1


LOC  OBJECT CODE     LINE SOURCE TEXT
  VALUE

                      00001 ;Quirino Gonzalez Johann David
                      00002 ; HEADER para el PIC16F628A, usando el oscilador RC interno a 4MHz.
                      00003 
                      00004 #include <p16f628a.inc>
                      00001         LIST
                      00002 
                      00003 ;==========================================================================
                      00004 ; Build date : Jan 06 2020
                      00005 ;  MPASM PIC16F628A processor include
                      00006 ; 
                      00007 ;  (c) Copyright 1999-2020 Microchip Technology, All rights reserved
                      00008 ;==========================================================================
                      00009 
                      00386         LIST
                      00005 
                      00006 ;*********************************************************
                      00007 ; EQUATES SECTION - Definición de registros importantes
  00000005            00008 PORTA         EQU 0x05      ; Dirección del registro de datos PORTA
  00000006            00009 PORTB         EQU 0x06      ; Dirección del registro de datos PORTB
  00000085            00010 TRISA         EQU 0x85      ; Dirección del registro de dirección de datos PORTA
  00000086            00011 TRISB         EQU 0x86      ; Dirección del registro de dirección de datos PORTB
  00000003            00012 STATUS        EQU 0x03      ; Registro de estado del PIC
  0000001F            00013 CMCON         EQU 0x1F      ; Registro de control del comparador
  00000020            00014 COUNT1        EQU 0x20      ; Variable para contador 1 (retardos)
  00000021            00015 COUNT2        EQU 0x21      ; Variable para contador 2 (retardos)
  00000022            00016 COUNT3        EQU 0x22      ; Variable para contador 3 (retardos)
                      00017 
                      00018 ;*********************************************************
                      00019 ; DIRECTIVAS DEL ENSAMBLADOR
                      00020     LIST      P=16F628A     ; Especificar el modelo de PIC
                      00021     ORG       0x0000        ; Establecer el origen en la dirección 0
0000   2???           00022     GOTO      START         ; Saltar al inicio del programa
                      00023 
                      00024 ;*********************************************************
                      00025 ; BITS DE CONFIGURACION
2007   3F10           00026     __CONFIG _INTRC_OSC_NOCLKOUT & _WDT_OFF & _PWRTE_ON & _LVP_OFF & _MCLRE_OFF & _BOREN_OFF & _CP_OFF &
                             _CPD_OFF
                      00027     ; Configuración: Oscilador interno, WDT off, Power-up Timer on, 
                      00028     ; Low Voltage Programming off, MCLR off, Brown-out Reset off, 
                      00029     ; Code Protection off, Data Code Protection off
                      00030 
                      00031 ;*********************************************************
                      00032 ; SUBRUTINAS DE RETARDO
                      00033 
                      00034 ; Retardo de 0.1 SEGUNDOS (100ms para 4MHz) para anti-rebote
0001                  00035 DELAY_0_1
0001   3001           00036     MOVLW   D'1'           ; Cargar 1 en W (para el contador externo)
0002   00A2           00037     MOVWF   COUNT3         ; Mover W a COUNT3 (contador de bucles externos)
0003                  00038 DELAY_0_1_OUTER
0003   30FF           00039     MOVLW   D'255'         ; Cargar 255 en W  
0004   00A1           00040     MOVWF   COUNT2         ; Mover W a COUNT2 (contador de bucles medios)
0005                  00041 DELAY_0_1_MID
0005   30A5           00042     MOVLW   D'165'         ; Cargar 165 en W
MPASM 5.87                    BOMBA_AGUA.ASM   11-4-2025  22:47:38         PAGE  2


LOC  OBJECT CODE     LINE SOURCE TEXT
  VALUE

0006   00A0           00043     MOVWF   COUNT1         ; Mover W a COUNT1 (contador de bucles internos)
0007                  00044 DELAY_0_1_INNER
0007   0BA0           00045     DECFSZ  COUNT1, F      ; Decrementar COUNT1, saltar si es cero
0008   2???           00046     GOTO    DELAY_0_1_INNER ; Repetir bucle interno
0009   0BA1           00047     DECFSZ  COUNT2, F      ; Decrementar COUNT2, saltar si es cero
000A   2???           00048     GOTO    DELAY_0_1_MID  ; Repetir bucle medio
000B   0BA2           00049     DECFSZ  COUNT3, F      ; Decrementar COUNT3, saltar si es cero
000C   2???           00050     GOTO    DELAY_0_1_OUTER ; Repetir bucle externo
000D   0008           00051     RETURN                 ; Retornar de la subrutina
                      00052 
                      00053 ;*********************************************************
                      00054 ; SECCION DE CONFIGURACION INICIAL
000E                  00055 START
000E   1683           00056     BSF     STATUS, RP0     ; Cambiar al Banco 1 de memoria
000F   300C           00057     MOVLW   B'00001100'     ; Configurar RA2 y RA3 como entradas, otros como salidas
                      00058     ; Bit: 7     6     5     4     3     2     1     0
                      00059     ;     RA7   RA6   RA5   RA4   RA3   RA2   RA1   RA0
                      00060     ;      0     0     0     0     1     1     0     0
                      00061     ;      ?     ?     ?     ?     ?     ?     ?     ?
                      00062     ;     Sal  Sal  Sal  Sal  Ent  Ent  Sal  Sal
Message[302]: Register in operand not in bank 0.  Ensure that bank bits are correct.
0010   0085           00063     MOVWF   TRISA           ; Cargar configuración en TRISA
                      00064     
0011   3000           00065     MOVLW   B'00000000'     ; Configurar todos los pines de PORTB como salidas  
Message[302]: Register in operand not in bank 0.  Ensure that bank bits are correct.
0012   0086           00066     MOVWF   TRISB           ; Cargar configuración en TRISB
0013   1283           00067     BCF     STATUS, RP0     ; Regresar al Banco 0 de memoria
                      00068     
0014   3007           00069     MOVLW   0x07            ; Cargar valor 7 en W
0015   009F           00070     MOVWF   CMCON           ; Deshabilitar comparadores para usar PORTA como E/S digital
                      00071     
0016   0185           00072     CLRF    PORTA           ; Limpiar PORTA (poner todos los pines en 0)
0017   0186           00073     CLRF    PORTB           ; Limpiar PORTB (poner todos los pines en 0)
                      00074 
                      00075 ;*********************************************************
                      00076 ; PROGRAMA PRINCIPAL - DETECTAR CONDICIÓN A2=1 Y A3=1
0018                  00077 BEGIN
                      00078     ; =====================================================
                      00079     ; LEER ESTADO DE LOS PUERTOS A2 Y A3
                      00080     ; =====================================================
0018   0805           00081     MOVF    PORTA, W        ; Leer todo el registro PORTA y guardar en W
0019   390C           00082     ANDLW   B'00001100'     ; Aplicar máscara para mantener solo los bits A2 y A3
                      00083     ; Resultado en W después de AND:
                      00084     ; - Si A3=1 y A2=1 ? W = 00001100 = 0x0C
                      00085     ; - Si A3=1 y A2=0 ? W = 00001000 = 0x08  
                      00086     ; - Si A3=0 y A2=1 ? W = 00000100 = 0x04
                      00087     ; - Si A3=0 y A2=0 ? W = 00000000 = 0x00
                      00088     
                      00089     ; =====================================================
                      00090     ; COMPARAR SI AMBOS BITS SON 1 (A2=1 Y A3=1)
                      00091     ; =====================================================
001A   3A0C           00092     XORLW   B'00001100'     ; Hacer XOR con el patrón deseado (A3=1, A2=1)
                      00093     ; El XOR produce 0 solo cuando ambos patrones son iguales
MPASM 5.87                    BOMBA_AGUA.ASM   11-4-2025  22:47:38         PAGE  3


LOC  OBJECT CODE     LINE SOURCE TEXT
  VALUE

                      00094     ; Si W era 0x0C (A3=1 y A2=1) ? XOR 0x0C = 0x00
                      00095     ; Si W era cualquier otro valor ? XOR 0x0C ? 0x00
                      00096     
001B   1D03           00097     BTFSS   STATUS, Z       ; Verificar el bit Zero en STATUS, saltar si es 1 (resultado fue 0)
001C   2???           00098     GOTO    CONDITION_FALSE ; Si Z=0 (resultado ? 0), la condición es FALSA
                      00099     
                      00100     ; =====================================================
                      00101     ; CONDICIÓN VERDADERA: A2=1 Y A3=1
                      00102     ; =====================================================
001D                  00103 CONDITION_TRUE
001D   1586           00104     BSF     PORTB, 3        ; Poner RB3 en 1 (encender salida)
001E   2???           00105     GOTO    DELAY_AND_LOOP  ; Ir al retardo y continuar
                      00106     
                      00107     ; =====================================================
                      00108     ; CONDICIÓN FALSA: NO SE CUMPLE A2=1 Y A3=1
                      00109     ; =====================================================
001F                  00110 CONDITION_FALSE
001F   1186           00111     BCF     PORTB, 3        ; Poner RB3 en 0 (apagar salida)
                      00112 
                      00113     ; =====================================================
                      00114     ; RETARDO PARA ESTABILIZACIÓN Y EVITAR REBOTES
                      00115     ; =====================================================
0020                  00116 DELAY_AND_LOOP
0020   2???           00117     CALL    DELAY_0_1       ; Llamar retardo de 0.1 segundos para estabilizar
                      00118     
0021   2???           00119     GOTO    BEGIN           ; Volver al inicio para verificación continua
                      00120     
3F10                  00121     END                    ; Fin del programa
MPASM 5.87                    BOMBA_AGUA.ASM   11-4-2025  22:47:38         PAGE  4


SYMBOL TABLE
  LABEL                             VALUE 

ADDEN                             00000003
ADEN                              00000003
BEGIN                             00000018
BRGH                              00000002
C                                 00000000
C1INV                             00000004
C1OUT                             00000006
C2INV                             00000005
C2OUT                             00000007
CCP1CON                           00000017
CCP1IE                            00000002
CCP1IF                            00000002
CCP1M0                            00000000
CCP1M1                            00000001
CCP1M2                            00000002
CCP1M3                            00000003
CCP1X                             00000005
CCP1Y                             00000004
CCPR1                             00000015
CCPR1H                            00000016
CCPR1L                            00000015
CIS                               00000003
CM0                               00000000
CM1                               00000001
CM2                               00000002
CMCON                             0000001F
CMIE                              00000006
CMIF                              00000006
CONDITION_FALSE                   0000001F
CONDITION_TRUE                    0000001D
COUNT1                            00000020
COUNT2                            00000021
COUNT3                            00000022
CREN                              00000004
CSRC                              00000007
DATA_CP_OFF                       00003FFF
DATA_CP_ON                        00003EFF
DC                                00000001
DELAY_0_1                         00000001
DELAY_0_1_INNER                   00000007
DELAY_0_1_MID                     00000005
DELAY_0_1_OUTER                   00000003
DELAY_AND_LOOP                    00000020
EEADR                             0000009B
EECON1                            0000009C
EECON2                            0000009D
EEDATA                            0000009A
EEIE                              00000007
EEIF                              00000007
F                                 00000001
FERR                              00000002
FSR                               00000004
GIE                               00000007
MPASM 5.87                    BOMBA_AGUA.ASM   11-4-2025  22:47:38         PAGE  5


SYMBOL TABLE
  LABEL                             VALUE 

INDF                              00000000
INTCON                            0000000B
INTE                              00000004
INTEDG                            00000006
INTF                              00000001
IRP                               00000007
NOT_BO                            00000000
NOT_BOD                           00000000
NOT_BOR                           00000000
NOT_PD                            00000003
NOT_POR                           00000001
NOT_RBPU                          00000007
NOT_T1SYNC                        00000002
NOT_TO                            00000004
OERR                              00000001
OPTION_REG                        00000081
OSCF                              00000003
PCL                               00000002
PCLATH                            0000000A
PCON                              0000008E
PEIE                              00000006
PIE1                              0000008C
PIR1                              0000000C
PORTA                             00000005
PORTB                             00000006
PR2                               00000092
PS0                               00000000
PS1                               00000001
PS2                               00000002
PSA                               00000003
RA0                               00000000
RA1                               00000001
RA2                               00000002
RA3                               00000003
RA4                               00000004
RA5                               00000005
RA6                               00000006
RA7                               00000007
RB0                               00000000
RB1                               00000001
RB2                               00000002
RB3                               00000003
RB4                               00000004
RB5                               00000005
RB6                               00000006
RB7                               00000007
RBIE                              00000003
RBIF                              00000000
RCIE                              00000005
RCIF                              00000005
RCREG                             0000001A
RCSTA                             00000018
RD                                00000000
MPASM 5.87                    BOMBA_AGUA.ASM   11-4-2025  22:47:38         PAGE  6


SYMBOL TABLE
  LABEL                             VALUE 

RP0                               00000005
RP1                               00000006
RX9                               00000006
RX9D                              00000000
SPBRG                             00000099
SPEN                              00000007
SREN                              00000005
START                             0000000E
STATUS                            00000003
SYNC                              00000004
T0CS                              00000005
T0IE                              00000005
T0IF                              00000002
T0SE                              00000004
T1CKPS0                           00000004
T1CKPS1                           00000005
T1CON                             00000010
T1OSCEN                           00000003
T2CKPS0                           00000000
T2CKPS1                           00000001
T2CON                             00000012
TMR0                              00000001
TMR0IE                            00000005
TMR0IF                            00000002
TMR1                              0000000E
TMR1CS                            00000001
TMR1H                             0000000F
TMR1IE                            00000000
TMR1IF                            00000000
TMR1L                             0000000E
TMR1ON                            00000000
TMR2                              00000011
TMR2IE                            00000001
TMR2IF                            00000001
TMR2ON                            00000002
TOUTPS0                           00000003
TOUTPS1                           00000004
TOUTPS2                           00000005
TOUTPS3                           00000006
TRISA                             00000085
TRISA0                            00000000
TRISA1                            00000001
TRISA2                            00000002
TRISA3                            00000003
TRISA4                            00000004
TRISA5                            00000005
TRISA6                            00000006
TRISA7                            00000007
TRISB                             00000086
TRISB0                            00000000
TRISB1                            00000001
TRISB2                            00000002
TRISB3                            00000003
MPASM 5.87                    BOMBA_AGUA.ASM   11-4-2025  22:47:38         PAGE  7


SYMBOL TABLE
  LABEL                             VALUE 

TRISB4                            00000004
TRISB5                            00000005
TRISB6                            00000006
TRISB7                            00000007
TRMT                              00000001
TX9                               00000006
TX9D                              00000000
TXEN                              00000005
TXIE                              00000004
TXIF                              00000004
TXREG                             00000019
TXSTA                             00000098
VR0                               00000000
VR1                               00000001
VR2                               00000002
VR3                               00000003
VRCON                             0000009F
VREN                              00000007
VROE                              00000006
VRR                               00000005
W                                 00000000
WR                                00000001
WREN                              00000002
WRERR                             00000003
Z                                 00000002
_BODEN_OFF                        00003FBF
_BODEN_ON                         00003FFF
_BOREN_OFF                        00003FBF
_BOREN_ON                         00003FFF
_CONFIG                           00002007
_CPD_OFF                          00003FFF
_CPD_ON                           00003EFF
_CP_OFF                           00003FFF
_CP_ON                            00001FFF
_DEVID1                           00002006
_ER_OSC_CLKOUT                    00003FFF
_ER_OSC_NOCLKOUT                  00003FFE
_EXTCLK_OSC                       00003FEF
_FOSC_ECIO                        00003FEF
_FOSC_EXTRCCLK                    00003FFF
_FOSC_EXTRCIO                     00003FFE
_FOSC_HS                          00003FEE
_FOSC_INTOSCCLK                   00003FFD
_FOSC_INTOSCIO                    00003FFC
_FOSC_LP                          00003FEC
_FOSC_XT                          00003FED
_HS_OSC                           00003FEE
_IDLOC0                           00002000
_IDLOC1                           00002001
_IDLOC2                           00002002
_IDLOC3                           00002003
_INTOSC_OSC_CLKOUT                00003FFD
_INTOSC_OSC_NOCLKOUT              00003FFC
MPASM 5.87                    BOMBA_AGUA.ASM   11-4-2025  22:47:38         PAGE  8


SYMBOL TABLE
  LABEL                             VALUE 

_INTRC_OSC_CLKOUT                 00003FFD
_INTRC_OSC_NOCLKOUT               00003FFC
_LP_OSC                           00003FEC
_LVP_OFF                          00003F7F
_LVP_ON                           00003FFF
_MCLRE_OFF                        00003FDF
_MCLRE_ON                         00003FFF
_PWRTE_OFF                        00003FFF
_PWRTE_ON                         00003FF7
_RC_OSC_CLKOUT                    00003FFF
_RC_OSC_NOCLKOUT                  00003FFE
_WDTE_OFF                         00003FFB
_WDTE_ON                          00003FFF
_WDT_OFF                          00003FFB
_WDT_ON                           00003FFF
_XT_OSC                           00003FED
__16F628A                         00000001

Errors   :     0
Warnings :     0 reported,     0 suppressed
Messages :     2 reported,     0 suppressed

