MPASM 5.87                NEWASMTEMPLATE.ASM   11-26-2025  1:48:34         PAGE  1


LOC  OBJECT CODE     LINE SOURCE TEXT
  VALUE

                      00001 ; Quirino Gonzalez Johann David
                      00002 ; Código adaptado para PIC16F628A
                      00003 
                      00004 ; Define una constante para usar como contador. 
  0000000C            00005 COUNT   EQU     0CH     
                      00006 
Warning[205]: Found directive in column 1. (LIST)
                      00007 LIST    P=16F628A       ; Estamos usando el 16F628A
                      00008 #include <P16F628A.INC> ; Incluir archivo de definiciones
                      00001         LIST
                      00002 
                      00003 ;==========================================================================
                      00004 ; Build date : Jan 06 2020
                      00005 ;  MPASM PIC16F628A processor include
                      00006 ; 
                      00007 ;  (c) Copyright 1999-2020 Microchip Technology, All rights reserved
                      00008 ;==========================================================================
                      00009 
                      00386         LIST
Warning[205]: Found directive in column 1. (__CONFIG)
2007   3F81           00009 __CONFIG _CP_OFF & _WDT_OFF & _PWRTE_ON & _XT_OSC & _MCLRE_OFF & _BODEN_OFF
                      00010 
Warning[205]: Found directive in column 1. (ORG)
                      00011 ORG     0               ; La dirección de inicio en memoria es 0
Warning[203]: Found opcode in column 1. (GOTO)
0000   2???           00012 GOTO    START           ; Ir a START
                      00013 
                      00014 ; ***************************************
                      00015 ; El programa comienza ahora
                      00016 ; ***************************************
0001                  00017 START
0001   1683           00018     BSF     STATUS, RP0 ; Seleccionar Banco 1
0002   3001           00019     MOVLW   b'00000001' ; RA0 como entrada, demás pines como salidas
Message[302]: Register in operand not in bank 0.  Ensure that bank bits are correct.
0003   0085           00020     MOVWF   TRISA       ; Configurar PORTA
0004   3000           00021     MOVLW   b'00000000' ; Todos los pines como salidas
Message[302]: Register in operand not in bank 0.  Ensure that bank bits are correct.
0005   0086           00022     MOVWF   TRISB       ; Configurar PORTB
0006   1283           00023     BCF     STATUS, RP0 ; Volver al Banco 0
                      00024     
                      00025     ; Configurar comparadores (necesario en 16F628A)
0007   3007           00026     MOVLW   0x07
0008   009F           00027     MOVWF   CMCON       ; Deshabilitar comparadores
                      00028     
                      00029     ; Inicializar PORTB - TODOS LOS PINES EN BAJO (LED APAGADO)
0009   0186           00030     CLRF    PORTB       ; Limpiar PORTB (todos en 0)
                      00031     
                      00032     ; Configurar salida constante de 5V en RB7
000A   1786           00033     BSF     PORTB, 7    ; RB7 siempre en alto (5V)
                      00034 
000B                  00035 BEGIN
000B   300A           00036     MOVLW   .10         ; Poner 10 en W (Working Register)
000C   008C           00037     MOVWF   COUNT       ; Mover W a COUNT. Esto inicializa el contador.
MPASM 5.87                NEWASMTEMPLATE.ASM   11-26-2025  1:48:34         PAGE  2


LOC  OBJECT CODE     LINE SOURCE TEXT
  VALUE

                      00038 
                      00039 ; *** Rutina de Detección de Presión (PRESS) ***
000D                  00040 PRESS
000D   1805           00041     BTFSC   PORTA,0     ; Bit Test F, Skip if Clear. ¿El switch está presionado?
                      00042                         ; Si PORTA,0 es 0 (Presionado), saltar la siguiente instrucción (GOTO PRESS).
000E   2???           00043     GOTO    PRESS       ; No: El switch no está presionado, seguir esperando.
                      00044                         ; Sí: El switch está presionado (PORTA,0=0), continuar.
                      00045 
000F   2???           00046     CALL    DELAY       ; Esperar por 3/32 segundos (para debounce/antirrebote).
0010   1006           00047     BCF     PORTB,0     ; Bit Clear F. Apagar el LED (PORTB,0=0).
                      00048 
                      00049 ; *** Rutina de Detección de Liberación (RELEASE) ***
0011                  00050 RELEASE
0011   1C05           00051     BTFSS   PORTA,0     ; Bit Test F, Skip if Set. ¿El switch se ha liberado?
                      00052                         ; Si PORTA,0 es 1 (Liberado), saltar la siguiente instrucción (GOTO RELEASE).
0012   2???           00053     GOTO    RELEASE     ; No: El switch sigue presionado, seguir esperando.
                      00054                         ; Sí: El switch se ha liberado (PORTA,0=1), continuar.
                      00055 
0013   2???           00056     CALL    DELAY       ; Esperar por 3/32 segundos (para debounce/antirrebote).
0014   0B8C           00057     DECFSZ  COUNT, F    ; Decrementar COUNT. Si el resultado es 0, saltar la siguiente instrucción.
0015   2???           00058     GOTO    PRESS       ; Esperar por otra pulsación (si COUNT no es 0).
                      00059 
                      00060 ; *** Lógica Final ***
0016   1406           00061     BSF     PORTB,0     ; Bit Set F. Encender el LED (PORTB,0=1).
0017   2???           00062     GOTO    BEGIN       ; Reiniciar el ciclo (vuelve a cargar el contador en BEGIN).
                      00063 
                      00064 ; *** Rutina de Retardo (DELAY) ***
0018                  00065 DELAY
0018   3064           00066     MOVLW   .100        ; Cargar valor para el retardo
0019   00A0           00067     MOVWF   0x20        ; Usar dirección de memoria 0x20 como contador
001A                  00068 DELAY_LOOP
001A   0BA0           00069     DECFSZ  0x20, F     ; Decrementar contador
001B   2???           00070     GOTO    DELAY_LOOP  ; Repetir hasta que sea cero
001C   0008           00071     RETURN              ; Retornar de la subrutina
                      00072     
Warning[205]: Found directive in column 1. (END)
3F81                  00073 END                     ; Fin del código fuente
MPASM 5.87                NEWASMTEMPLATE.ASM   11-26-2025  1:48:34         PAGE  3


SYMBOL TABLE
  LABEL                             VALUE 

ADDEN                             00000003
ADEN                              00000003
BEGIN                             0000000B
BRGH                              00000002
C                                 00000000
C1INV                             00000004
C1OUT                             00000006
C2INV                             00000005
C2OUT                             00000007
CCP1CON                           00000017
CCP1IE                            00000002
CCP1IF                            00000002
CCP1M0                            00000000
CCP1M1                            00000001
CCP1M2                            00000002
CCP1M3                            00000003
CCP1X                             00000005
CCP1Y                             00000004
CCPR1                             00000015
CCPR1H                            00000016
CCPR1L                            00000015
CIS                               00000003
CM0                               00000000
CM1                               00000001
CM2                               00000002
CMCON                             0000001F
CMIE                              00000006
CMIF                              00000006
COUNT                             0000000C
CREN                              00000004
CSRC                              00000007
DATA_CP_OFF                       00003FFF
DATA_CP_ON                        00003EFF
DC                                00000001
DELAY                             00000018
DELAY_LOOP                        0000001A
EEADR                             0000009B
EECON1                            0000009C
EECON2                            0000009D
EEDATA                            0000009A
EEIE                              00000007
EEIF                              00000007
F                                 00000001
FERR                              00000002
FSR                               00000004
GIE                               00000007
INDF                              00000000
INTCON                            0000000B
INTE                              00000004
INTEDG                            00000006
INTF                              00000001
IRP                               00000007
NOT_BO                            00000000
MPASM 5.87                NEWASMTEMPLATE.ASM   11-26-2025  1:48:34         PAGE  4


SYMBOL TABLE
  LABEL                             VALUE 

NOT_BOD                           00000000
NOT_BOR                           00000000
NOT_PD                            00000003
NOT_POR                           00000001
NOT_RBPU                          00000007
NOT_T1SYNC                        00000002
NOT_TO                            00000004
OERR                              00000001
OPTION_REG                        00000081
OSCF                              00000003
PCL                               00000002
PCLATH                            0000000A
PCON                              0000008E
PEIE                              00000006
PIE1                              0000008C
PIR1                              0000000C
PORTA                             00000005
PORTB                             00000006
PR2                               00000092
PRESS                             0000000D
PS0                               00000000
PS1                               00000001
PS2                               00000002
PSA                               00000003
RA0                               00000000
RA1                               00000001
RA2                               00000002
RA3                               00000003
RA4                               00000004
RA5                               00000005
RA6                               00000006
RA7                               00000007
RB0                               00000000
RB1                               00000001
RB2                               00000002
RB3                               00000003
RB4                               00000004
RB5                               00000005
RB6                               00000006
RB7                               00000007
RBIE                              00000003
RBIF                              00000000
RCIE                              00000005
RCIF                              00000005
RCREG                             0000001A
RCSTA                             00000018
RD                                00000000
RELEASE                           00000011
RP0                               00000005
RP1                               00000006
RX9                               00000006
RX9D                              00000000
SPBRG                             00000099
MPASM 5.87                NEWASMTEMPLATE.ASM   11-26-2025  1:48:34         PAGE  5


SYMBOL TABLE
  LABEL                             VALUE 

SPEN                              00000007
SREN                              00000005
START                             00000001
STATUS                            00000003
SYNC                              00000004
T0CS                              00000005
T0IE                              00000005
T0IF                              00000002
T0SE                              00000004
T1CKPS0                           00000004
T1CKPS1                           00000005
T1CON                             00000010
T1OSCEN                           00000003
T2CKPS0                           00000000
T2CKPS1                           00000001
T2CON                             00000012
TMR0                              00000001
TMR0IE                            00000005
TMR0IF                            00000002
TMR1                              0000000E
TMR1CS                            00000001
TMR1H                             0000000F
TMR1IE                            00000000
TMR1IF                            00000000
TMR1L                             0000000E
TMR1ON                            00000000
TMR2                              00000011
TMR2IE                            00000001
TMR2IF                            00000001
TMR2ON                            00000002
TOUTPS0                           00000003
TOUTPS1                           00000004
TOUTPS2                           00000005
TOUTPS3                           00000006
TRISA                             00000085
TRISA0                            00000000
TRISA1                            00000001
TRISA2                            00000002
TRISA3                            00000003
TRISA4                            00000004
TRISA5                            00000005
TRISA6                            00000006
TRISA7                            00000007
TRISB                             00000086
TRISB0                            00000000
TRISB1                            00000001
TRISB2                            00000002
TRISB3                            00000003
TRISB4                            00000004
TRISB5                            00000005
TRISB6                            00000006
TRISB7                            00000007
TRMT                              00000001
MPASM 5.87                NEWASMTEMPLATE.ASM   11-26-2025  1:48:34         PAGE  6


SYMBOL TABLE
  LABEL                             VALUE 

TX9                               00000006
TX9D                              00000000
TXEN                              00000005
TXIE                              00000004
TXIF                              00000004
TXREG                             00000019
TXSTA                             00000098
VR0                               00000000
VR1                               00000001
VR2                               00000002
VR3                               00000003
VRCON                             0000009F
VREN                              00000007
VROE                              00000006
VRR                               00000005
W                                 00000000
WR                                00000001
WREN                              00000002
WRERR                             00000003
Z                                 00000002
_BODEN_OFF                        00003FBF
_BODEN_ON                         00003FFF
_BOREN_OFF                        00003FBF
_BOREN_ON                         00003FFF
_CONFIG                           00002007
_CPD_OFF                          00003FFF
_CPD_ON                           00003EFF
_CP_OFF                           00003FFF
_CP_ON                            00001FFF
_DEVID1                           00002006
_ER_OSC_CLKOUT                    00003FFF
_ER_OSC_NOCLKOUT                  00003FFE
_EXTCLK_OSC                       00003FEF
_FOSC_ECIO                        00003FEF
_FOSC_EXTRCCLK                    00003FFF
_FOSC_EXTRCIO                     00003FFE
_FOSC_HS                          00003FEE
_FOSC_INTOSCCLK                   00003FFD
_FOSC_INTOSCIO                    00003FFC
_FOSC_LP                          00003FEC
_FOSC_XT                          00003FED
_HS_OSC                           00003FEE
_IDLOC0                           00002000
_IDLOC1                           00002001
_IDLOC2                           00002002
_IDLOC3                           00002003
_INTOSC_OSC_CLKOUT                00003FFD
_INTOSC_OSC_NOCLKOUT              00003FFC
_INTRC_OSC_CLKOUT                 00003FFD
_INTRC_OSC_NOCLKOUT               00003FFC
_LP_OSC                           00003FEC
_LVP_OFF                          00003F7F
_LVP_ON                           00003FFF
MPASM 5.87                NEWASMTEMPLATE.ASM   11-26-2025  1:48:34         PAGE  7


SYMBOL TABLE
  LABEL                             VALUE 

_MCLRE_OFF                        00003FDF
_MCLRE_ON                         00003FFF
_PWRTE_OFF                        00003FFF
_PWRTE_ON                         00003FF7
_RC_OSC_CLKOUT                    00003FFF
_RC_OSC_NOCLKOUT                  00003FFE
_WDTE_OFF                         00003FFB
_WDTE_ON                          00003FFF
_WDT_OFF                          00003FFB
_WDT_ON                           00003FFF
_XT_OSC                           00003FED
__16F628A                         00000001

Errors   :     0
Warnings :     5 reported,     0 suppressed
Messages :     2 reported,     0 suppressed

