MPASM 5.87                      EXAMEN_1.ASM   10-2-2025  1:06:34         PAGE  1


LOC  OBJECT CODE     LINE SOURCE TEXT
  VALUE

                      00001 ;Quirino Gonzalez Johann David
                      00002 ; HEADER para el PIC16F628A, usando el oscilador RC interno a 4MHz.
                      00003 
                      00004 #include <p16f628a.inc>
                      00001         LIST
                      00002 
                      00003 ;==========================================================================
                      00004 ; Build date : Jan 06 2020
                      00005 ;  MPASM PIC16F628A processor include
                      00006 ; 
                      00007 ;  (c) Copyright 1999-2020 Microchip Technology, All rights reserved
                      00008 ;==========================================================================
                      00009 
                      00386         LIST
                      00005 
                      00006 ;*********************************************************
                      00007 ; EQUATES SECTION
  00000005            00008 PORTA         EQU 0x05
  00000006            00009 PORTB         EQU 0x06
  00000085            00010 TRISA         EQU 0x85
  00000086            00011 TRISB         EQU 0x86
  00000003            00012 STATUS        EQU 0x03
  0000001F            00013 CMCON         EQU 0x1F
  00000020            00014 COUNT1        EQU 0x20
  00000021            00015 COUNT2        EQU 0x21
  00000022            00016 COUNT3        EQU 0x22
                      00017 
                      00018 ;*********************************************************
                      00019 ; DIRECTIVAS DEL ENSAMBLADOR
                      00020     LIST      P=16F628A
                      00021     ORG       0x0000
0000   2???           00022     GOTO      START
                      00023 
                      00024 ;*********************************************************
                      00025 ; BITS DE CONFIGURACION
2007   3F10           00026     __CONFIG _INTRC_OSC_NOCLKOUT & _WDT_OFF & _PWRTE_ON & _LVP_OFF & _MCLRE_OFF & _BOREN_OFF & _CP_OFF &
                             _CPD_OFF
                      00027 
                      00028 ;*********************************************************
                      00029 ; SUBRUTINAS DE RETARDO REALES
                      00030 
                      00031 ; Retardo de 1 SEGUNDO (REAL para 4MHz)
0001                  00032 DELAY_1
0001   3006           00033     MOVLW   D'6'           ; 1 ciclo
0002   00A2           00034     MOVWF   COUNT3         ; 1 ciclo
0003                  00035 OUTER_LOOP
0003   30FF           00036     MOVLW   D'255'         ; 1 ciclo  
0004   00A1           00037     MOVWF   COUNT2         ; 1 ciclo
0005                  00038 MID_LOOP
0005   30FF           00039     MOVLW   D'255'         ; 1 ciclo
0006   00A0           00040     MOVWF   COUNT1         ; 1 ciclo
0007                  00041 INNER_LOOP
0007   0BA0           00042     DECFSZ  COUNT1, F      ; 1 ciclo (2 cuando salta)
MPASM 5.87                      EXAMEN_1.ASM   10-2-2025  1:06:34         PAGE  2


LOC  OBJECT CODE     LINE SOURCE TEXT
  VALUE

0008   2???           00043     GOTO    INNER_LOOP     ; 2 ciclos
0009   0BA1           00044     DECFSZ  COUNT2, F      ; 1 ciclo (2 cuando salta)
000A   2???           00045     GOTO    MID_LOOP       ; 2 ciclos
000B   0BA2           00046     DECFSZ  COUNT3, F      ; 1 ciclo (2 cuando salta)
000C   2???           00047     GOTO    OUTER_LOOP     ; 2 ciclos
000D   0008           00048     RETURN                 ; 2 ciclos
                      00049 
                      00050 ;*********************************************************
                      00051 ; SECCION DE CONFIGURACION
000E                  00052 START
000E   1683           00053     BSF     STATUS, RP0     ; Bank 1
000F   3000           00054     MOVLW   B'00000000'     ; PORTA como salidas
Message[302]: Register in operand not in bank 0.  Ensure that bank bits are correct.
0010   0085           00055     MOVWF   TRISA
0011   3000           00056     MOVLW   B'00000000'     ; PORTB como salidas  
Message[302]: Register in operand not in bank 0.  Ensure that bank bits are correct.
0012   0086           00057     MOVWF   TRISB
0013   1283           00058     BCF     STATUS, RP0     ; Bank 0
                      00059     
0014   3007           00060     MOVLW   0x07
0015   009F           00061     MOVWF   CMCON           ; Deshabilitar comparadores
                      00062     
0016   0185           00063     CLRF    PORTA
0017   0186           00064     CLRF    PORTB
                      00065 
                      00066 ;*********************************************************
                      00067 ; PROGRAMA PRINCIPAL
0018                  00068 BEGIN
0018   1486           00069     BSF     PORTB,1         ; Enciende el LED en el pin RB0
0019   2???           00070     CALL    DELAY_1         ; Espera 1 segundo (REAL)
001A   1086           00071     BCF     PORTB,1         ; Apaga el LED en el pin RB0
001B   1506           00072     BSF     PORTB,2         ; Enciende el LED 2
001C   2???           00073     CALL    DELAY_1         ; Espera 1 segundo (REAL)
001D   2???           00074     CALL    DELAY_1         ; Espera otro segundo
001E   1106           00075     BCF     PORTB,2         ; Apaga led 2
001F   1586           00076     BSF     PORTB,3         ; Enciende LED 3
0020   2???           00077     CALL    DELAY_1         ; Espera 1 seg
0021   2???           00078     CALL    DELAY_1         ; Espera 1 seg
0022   2???           00079     CALL    DELAY_1         ; Espera 1 seg
0023   1186           00080     BCF     PORTB,3         ; Apaga LED 3
0024   1606           00081     BSF     PORTB,4         ; Enciende LED 4
0025   2???           00082     CALL    DELAY_1         ; Espera 1 seg
0026   2???           00083     CALL    DELAY_1         ; Espera 1 seg
0027   2???           00084     CALL    DELAY_1         ; Espera 1 seg
0028   2???           00085     CALL    DELAY_1         ; Espera 1 seg
0029   1206           00086     BCF     PORTB,4         ; Apaga LED 4
002A   1686           00087     BSF     PORTB,5         ; Enciende LED 5
002B   2???           00088     CALL    DELAY_1         ; Espera 1 seg
002C   1286           00089     BCF     PORTB,5         ; Apaga LED 5
002D   1706           00090     BSF     PORTB,6         ; Enciende LED 6
002E   2???           00091     CALL    DELAY_1         ; Espera 1 seg
002F   1306           00092     BCF     PORTB,6         ; Apaga LED 6
0030   2???           00093     CALL    DELAY_1         ; Espera 1 seg
MPASM 5.87                      EXAMEN_1.ASM   10-2-2025  1:06:34         PAGE  3


LOC  OBJECT CODE     LINE SOURCE TEXT
  VALUE

0031   2???           00094     GOTO    BEGIN           ; Repite el ciclo    
3F10                  00095     END
MPASM 5.87                      EXAMEN_1.ASM   10-2-2025  1:06:34         PAGE  4


SYMBOL TABLE
  LABEL                             VALUE 

ADDEN                             00000003
ADEN                              00000003
BEGIN                             00000018
BRGH                              00000002
C                                 00000000
C1INV                             00000004
C1OUT                             00000006
C2INV                             00000005
C2OUT                             00000007
CCP1CON                           00000017
CCP1IE                            00000002
CCP1IF                            00000002
CCP1M0                            00000000
CCP1M1                            00000001
CCP1M2                            00000002
CCP1M3                            00000003
CCP1X                             00000005
CCP1Y                             00000004
CCPR1                             00000015
CCPR1H                            00000016
CCPR1L                            00000015
CIS                               00000003
CM0                               00000000
CM1                               00000001
CM2                               00000002
CMCON                             0000001F
CMIE                              00000006
CMIF                              00000006
COUNT1                            00000020
COUNT2                            00000021
COUNT3                            00000022
CREN                              00000004
CSRC                              00000007
DATA_CP_OFF                       00003FFF
DATA_CP_ON                        00003EFF
DC                                00000001
DELAY_1                           00000001
EEADR                             0000009B
EECON1                            0000009C
EECON2                            0000009D
EEDATA                            0000009A
EEIE                              00000007
EEIF                              00000007
F                                 00000001
FERR                              00000002
FSR                               00000004
GIE                               00000007
INDF                              00000000
INNER_LOOP                        00000007
INTCON                            0000000B
INTE                              00000004
INTEDG                            00000006
INTF                              00000001
MPASM 5.87                      EXAMEN_1.ASM   10-2-2025  1:06:34         PAGE  5


SYMBOL TABLE
  LABEL                             VALUE 

IRP                               00000007
MID_LOOP                          00000005
NOT_BO                            00000000
NOT_BOD                           00000000
NOT_BOR                           00000000
NOT_PD                            00000003
NOT_POR                           00000001
NOT_RBPU                          00000007
NOT_T1SYNC                        00000002
NOT_TO                            00000004
OERR                              00000001
OPTION_REG                        00000081
OSCF                              00000003
OUTER_LOOP                        00000003
PCL                               00000002
PCLATH                            0000000A
PCON                              0000008E
PEIE                              00000006
PIE1                              0000008C
PIR1                              0000000C
PORTA                             00000005
PORTB                             00000006
PR2                               00000092
PS0                               00000000
PS1                               00000001
PS2                               00000002
PSA                               00000003
RA0                               00000000
RA1                               00000001
RA2                               00000002
RA3                               00000003
RA4                               00000004
RA5                               00000005
RA6                               00000006
RA7                               00000007
RB0                               00000000
RB1                               00000001
RB2                               00000002
RB3                               00000003
RB4                               00000004
RB5                               00000005
RB6                               00000006
RB7                               00000007
RBIE                              00000003
RBIF                              00000000
RCIE                              00000005
RCIF                              00000005
RCREG                             0000001A
RCSTA                             00000018
RD                                00000000
RP0                               00000005
RP1                               00000006
RX9                               00000006
MPASM 5.87                      EXAMEN_1.ASM   10-2-2025  1:06:34         PAGE  6


SYMBOL TABLE
  LABEL                             VALUE 

RX9D                              00000000
SPBRG                             00000099
SPEN                              00000007
SREN                              00000005
START                             0000000E
STATUS                            00000003
SYNC                              00000004
T0CS                              00000005
T0IE                              00000005
T0IF                              00000002
T0SE                              00000004
T1CKPS0                           00000004
T1CKPS1                           00000005
T1CON                             00000010
T1OSCEN                           00000003
T2CKPS0                           00000000
T2CKPS1                           00000001
T2CON                             00000012
TMR0                              00000001
TMR0IE                            00000005
TMR0IF                            00000002
TMR1                              0000000E
TMR1CS                            00000001
TMR1H                             0000000F
TMR1IE                            00000000
TMR1IF                            00000000
TMR1L                             0000000E
TMR1ON                            00000000
TMR2                              00000011
TMR2IE                            00000001
TMR2IF                            00000001
TMR2ON                            00000002
TOUTPS0                           00000003
TOUTPS1                           00000004
TOUTPS2                           00000005
TOUTPS3                           00000006
TRISA                             00000085
TRISA0                            00000000
TRISA1                            00000001
TRISA2                            00000002
TRISA3                            00000003
TRISA4                            00000004
TRISA5                            00000005
TRISA6                            00000006
TRISA7                            00000007
TRISB                             00000086
TRISB0                            00000000
TRISB1                            00000001
TRISB2                            00000002
TRISB3                            00000003
TRISB4                            00000004
TRISB5                            00000005
TRISB6                            00000006
MPASM 5.87                      EXAMEN_1.ASM   10-2-2025  1:06:34         PAGE  7


SYMBOL TABLE
  LABEL                             VALUE 

TRISB7                            00000007
TRMT                              00000001
TX9                               00000006
TX9D                              00000000
TXEN                              00000005
TXIE                              00000004
TXIF                              00000004
TXREG                             00000019
TXSTA                             00000098
VR0                               00000000
VR1                               00000001
VR2                               00000002
VR3                               00000003
VRCON                             0000009F
VREN                              00000007
VROE                              00000006
VRR                               00000005
W                                 00000000
WR                                00000001
WREN                              00000002
WRERR                             00000003
Z                                 00000002
_BODEN_OFF                        00003FBF
_BODEN_ON                         00003FFF
_BOREN_OFF                        00003FBF
_BOREN_ON                         00003FFF
_CONFIG                           00002007
_CPD_OFF                          00003FFF
_CPD_ON                           00003EFF
_CP_OFF                           00003FFF
_CP_ON                            00001FFF
_DEVID1                           00002006
_ER_OSC_CLKOUT                    00003FFF
_ER_OSC_NOCLKOUT                  00003FFE
_EXTCLK_OSC                       00003FEF
_FOSC_ECIO                        00003FEF
_FOSC_EXTRCCLK                    00003FFF
_FOSC_EXTRCIO                     00003FFE
_FOSC_HS                          00003FEE
_FOSC_INTOSCCLK                   00003FFD
_FOSC_INTOSCIO                    00003FFC
_FOSC_LP                          00003FEC
_FOSC_XT                          00003FED
_HS_OSC                           00003FEE
_IDLOC0                           00002000
_IDLOC1                           00002001
_IDLOC2                           00002002
_IDLOC3                           00002003
_INTOSC_OSC_CLKOUT                00003FFD
_INTOSC_OSC_NOCLKOUT              00003FFC
_INTRC_OSC_CLKOUT                 00003FFD
_INTRC_OSC_NOCLKOUT               00003FFC
_LP_OSC                           00003FEC
MPASM 5.87                      EXAMEN_1.ASM   10-2-2025  1:06:34         PAGE  8


SYMBOL TABLE
  LABEL                             VALUE 

_LVP_OFF                          00003F7F
_LVP_ON                           00003FFF
_MCLRE_OFF                        00003FDF
_MCLRE_ON                         00003FFF
_PWRTE_OFF                        00003FFF
_PWRTE_ON                         00003FF7
_RC_OSC_CLKOUT                    00003FFF
_RC_OSC_NOCLKOUT                  00003FFE
_WDTE_OFF                         00003FFB
_WDTE_ON                          00003FFF
_WDT_OFF                          00003FFB
_WDT_ON                           00003FFF
_XT_OSC                           00003FED
__16F628A                         00000001

Errors   :     0
Warnings :     0 reported,     0 suppressed
Messages :     2 reported,     0 suppressed

